Determining if the pthread_create exist failed with the following output:
Change Dir: /home/pi/mjpg-streamer-master/mjpg-streamer-experimental/_build/CMakeFiles/CMakeTmp

Run Build Command:"/usr/bin/make" "cmTC_7e833/fast"
make[1]: Entering directory '/home/pi/mjpg-streamer-master/mjpg-streamer-experimental/_build/CMakeFiles/CMakeTmp'
/usr/bin/make -f CMakeFiles/cmTC_7e833.dir/build.make CMakeFiles/cmTC_7e833.dir/build
make[2]: Entering directory '/home/pi/mjpg-streamer-master/mjpg-streamer-experimental/_build/CMakeFiles/CMakeTmp'
Building C object CMakeFiles/cmTC_7e833.dir/CheckSymbolExists.c.o
/usr/bin/cc    -o CMakeFiles/cmTC_7e833.dir/CheckSymbolExists.c.o   -c /home/pi/mjpg-streamer-master/mjpg-streamer-experimental/_build/CMakeFiles/CMakeTmp/CheckSymbolExists.c
Linking C executable cmTC_7e833
/usr/bin/cmake -E cmake_link_script CMakeFiles/cmTC_7e833.dir/link.txt --verbose=1
/usr/bin/cc      -rdynamic CMakeFiles/cmTC_7e833.dir/CheckSymbolExists.c.o  -o cmTC_7e833 
/usr/bin/ld: CMakeFiles/cmTC_7e833.dir/CheckSymbolExists.c.o: in function `main':
CheckSymbolExists.c:(.text+0x38): undefined reference to `pthread_create'
collect2: error: ld returned 1 exit status
make[2]: *** [CMakeFiles/cmTC_7e833.dir/build.make:87: cmTC_7e833] Error 1
make[2]: Leaving directory '/home/pi/mjpg-streamer-master/mjpg-streamer-experimental/_build/CMakeFiles/CMakeTmp'
make[1]: *** [Makefile:121: cmTC_7e833/fast] Error 2
make[1]: Leaving directory '/home/pi/mjpg-streamer-master/mjpg-streamer-experimental/_build/CMakeFiles/CMakeTmp'

File /home/pi/mjpg-streamer-master/mjpg-streamer-experimental/_build/CMakeFiles/CMakeTmp/CheckSymbolExists.c:
/* */
#include <pthread.h>

int main(int argc, char** argv)
{
  (void)argv;
#ifndef pthread_create
  return ((int*)(&pthread_create))[argc];
#else
  (void)argc;
  return 0;
#endif
}

Determining if the function pthread_create exists in the pthreads failed with the following output:
Change Dir: /home/pi/mjpg-streamer-master/mjpg-streamer-experimental/_build/CMakeFiles/CMakeTmp

Run Build Command:"/usr/bin/make" "cmTC_ae4b2/fast"
make[1]: Entering directory '/home/pi/mjpg-streamer-master/mjpg-streamer-experimental/_build/CMakeFiles/CMakeTmp'
/usr/bin/make -f CMakeFiles/cmTC_ae4b2.dir/build.make CMakeFiles/cmTC_ae4b2.dir/build
make[2]: Entering directory '/home/pi/mjpg-streamer-master/mjpg-streamer-experimental/_build/CMakeFiles/CMakeTmp'
Building C object CMakeFiles/cmTC_ae4b2.dir/CheckFunctionExists.c.o
/usr/bin/cc   -DCHECK_FUNCTION_EXISTS=pthread_create   -o CMakeFiles/cmTC_ae4b2.dir/CheckFunctionExists.c.o   -c /usr/share/cmake-3.13/Modules/CheckFunctionExists.c
Linking C executable cmTC_ae4b2
/usr/bin/cmake -E cmake_link_script CMakeFiles/cmTC_ae4b2.dir/link.txt --verbose=1
/usr/bin/cc  -DCHECK_FUNCTION_EXISTS=pthread_create    -rdynamic CMakeFiles/cmTC_ae4b2.dir/CheckFunctionExists.c.o  -o cmTC_ae4b2 -lpthreads 
/usr/bin/ld: cannot find -lpthreads
collect2: error: ld returned 1 exit status
make[2]: *** [CMakeFiles/cmTC_ae4b2.dir/build.make:87: cmTC_ae4b2] Error 1
make[2]: Leaving directory '/home/pi/mjpg-streamer-master/mjpg-streamer-experimental/_build/CMakeFiles/CMakeTmp'
make[1]: *** [Makefile:121: cmTC_ae4b2/fast] Error 2
make[1]: Leaving directory '/home/pi/mjpg-streamer-master/mjpg-streamer-experimental/_build/CMakeFiles/CMakeTmp'


